Build started 6/26/2018 1:39:11 PM.
     1>Project "c:\Users\l1f16bscs0060\documents\visual studio 2013\Projects\ali\ali\ali.vcxproj" on node 2 (Build target(s)).
     1>ClCompile:
         C:\Program Files (x86)\Microsoft Visual Studio 12.0\VC\bin\CL.exe /c /ZI /nologo /W3 /WX- /Od /Oy- /D WIN32 /D _DEBUG /D _CONSOLE /D _LIB /D _UNICODE /D UNICODE /Gm /EHsc /RTC1 /MDd /GS /fp:precise /Zc:wchar_t /Zc:forScope /Fo"Debug\\" /Fd"Debug\vc120.pdb" /Gd /TP /analyze- /errorReport:prompt Member.cpp Selection.cpp Student.cpp Teacher.cpp University.cpp display.cpp main.cpp
         main.cpp
         University.cpp
         Teacher.cpp
         Student.cpp
         Selection.cpp
         Member.cpp
     1>c:\users\l1f16bscs0060\documents\visual studio 2013\projects\ali\ali\member.cpp(110): warning C4244: 'initializing' : conversion from 'std::streamoff' to 'int', possible loss of data
     1>c:\users\l1f16bscs0060\documents\visual studio 2013\projects\ali\ali\member.cpp(131): warning C4244: 'initializing' : conversion from 'std::streamoff' to 'int', possible loss of data
         Generating Code...
         Compiling...
         display.cpp
         Generating Code...
       Link:
         C:\Program Files (x86)\Microsoft Visual Studio 12.0\VC\bin\link.exe /ERRORREPORT:PROMPT /OUT:"c:\users\l1f16bscs0060\documents\visual studio 2013\Projects\ali\Debug\ali.exe" /INCREMENTAL /NOLOGO kernel32.lib user32.lib gdi32.lib winspool.lib comdlg32.lib advapi32.lib shell32.lib ole32.lib oleaut32.lib uuid.lib odbc32.lib odbccp32.lib /MANIFEST /MANIFESTUAC:"level='asInvoker' uiAccess='false'" /manifest:embed /DEBUG /PDB:"c:\users\l1f16bscs0060\documents\visual studio 2013\Projects\ali\Debug\ali.pdb" /SUBSYSTEM:CONSOLE /TLBID:1 /DYNAMICBASE /NXCOMPAT /IMPLIB:"c:\users\l1f16bscs0060\documents\visual studio 2013\Projects\ali\Debug\ali.lib" /MACHINE:X86 Debug\display.obj
         Debug\main.obj
         Debug\Member.obj
         Debug\Mystring.obj
         Debug\Selection.obj
         Debug\Student.obj
         Debug\Teacher.obj
         Debug\University.obj
         ali.vcxproj -> c:\users\l1f16bscs0060\documents\visual studio 2013\Projects\ali\Debug\ali.exe
     1>Done Building Project "c:\Users\l1f16bscs0060\documents\visual studio 2013\Projects\ali\ali\ali.vcxproj" (Build target(s)).

Build succeeded.

Time Elapsed 00:00:02.24
